{
  "RSpec": {
    "coverage": {
      "/Users/timmyhuang/Desktop/store/app/helpers/accounts_helper.rb": [
        1,
        null
      ],
      "/Users/timmyhuang/Desktop/store/app/helpers/application_helper.rb": [
        1,
        null
      ],
      "/Users/timmyhuang/Desktop/store/app/controllers/accounts_controller.rb": [
        1,
        null,
        1,
        3,
        null,
        null,
        1,
        2,
        null,
        null,
        1,
        1,
        null,
        null,
        1,
        0,
        0,
        0,
        0,
        null,
        0,
        0,
        null,
        null,
        null,
        1,
        null,
        1,
        0,
        null,
        null,
        null
      ],
      "/Users/timmyhuang/Desktop/store/app/controllers/application_controller.rb": [
        1,
        null,
        null,
        1,
        null
      ],
      "/Users/timmyhuang/Desktop/store/app/models/account.rb": [
        1,
        1,
        null
      ]
    },
    "timestamp": 1404273321
  }
}
